  maths_funcs.cpp
f:\git_prova_grau_b\opengl_game_2\04_textures\maths_funcs.cpp(139): warning C4244: 'return': conversion from 'double' to 'float', possible loss of data
f:\git_prova_grau_b\opengl_game_2\04_textures\maths_funcs.cpp(258): warning C4244: 'return': conversion from 'double' to 'float', possible loss of data
f:\git_prova_grau_b\opengl_game_2\04_textures\maths_funcs.cpp(262): warning C4244: 'initializing': conversion from 'double' to 'float', possible loss of data
f:\git_prova_grau_b\opengl_game_2\04_textures\maths_funcs.cpp(442): warning C4244: 'initializing': conversion from 'double' to 'float', possible loss of data
f:\git_prova_grau_b\opengl_game_2\04_textures\maths_funcs.cpp(444): warning C4244: '=': conversion from 'double' to 'float', possible loss of data
f:\git_prova_grau_b\opengl_game_2\04_textures\maths_funcs.cpp(445): warning C4244: '=': conversion from 'double' to 'float', possible loss of data
f:\git_prova_grau_b\opengl_game_2\04_textures\maths_funcs.cpp(446): warning C4244: '=': conversion from 'double' to 'float', possible loss of data
f:\git_prova_grau_b\opengl_game_2\04_textures\maths_funcs.cpp(447): warning C4244: '=': conversion from 'double' to 'float', possible loss of data
f:\git_prova_grau_b\opengl_game_2\04_textures\maths_funcs.cpp(454): warning C4244: 'initializing': conversion from 'double' to 'float', possible loss of data
f:\git_prova_grau_b\opengl_game_2\04_textures\maths_funcs.cpp(456): warning C4244: '=': conversion from 'double' to 'float', possible loss of data
f:\git_prova_grau_b\opengl_game_2\04_textures\maths_funcs.cpp(457): warning C4244: '=': conversion from 'double' to 'float', possible loss of data
f:\git_prova_grau_b\opengl_game_2\04_textures\maths_funcs.cpp(458): warning C4244: '=': conversion from 'double' to 'float', possible loss of data
f:\git_prova_grau_b\opengl_game_2\04_textures\maths_funcs.cpp(459): warning C4244: '=': conversion from 'double' to 'float', possible loss of data
f:\git_prova_grau_b\opengl_game_2\04_textures\maths_funcs.cpp(466): warning C4244: 'initializing': conversion from 'double' to 'float', possible loss of data
f:\git_prova_grau_b\opengl_game_2\04_textures\maths_funcs.cpp(468): warning C4244: '=': conversion from 'double' to 'float', possible loss of data
f:\git_prova_grau_b\opengl_game_2\04_textures\maths_funcs.cpp(469): warning C4244: '=': conversion from 'double' to 'float', possible loss of data
f:\git_prova_grau_b\opengl_game_2\04_textures\maths_funcs.cpp(470): warning C4244: '=': conversion from 'double' to 'float', possible loss of data
f:\git_prova_grau_b\opengl_game_2\04_textures\maths_funcs.cpp(471): warning C4244: '=': conversion from 'double' to 'float', possible loss of data
f:\git_prova_grau_b\opengl_game_2\04_textures\maths_funcs.cpp(514): warning C4244: 'initializing': conversion from 'double' to 'float', possible loss of data
f:\git_prova_grau_b\opengl_game_2\04_textures\maths_funcs.cpp(515): warning C4244: 'initializing': conversion from 'double' to 'float', possible loss of data
f:\git_prova_grau_b\opengl_game_2\04_textures\maths_funcs.cpp(580): warning C4244: '=': conversion from 'double' to 'float', possible loss of data
f:\git_prova_grau_b\opengl_game_2\04_textures\maths_funcs.cpp(581): warning C4244: '=': conversion from 'double' to 'float', possible loss of data
f:\git_prova_grau_b\opengl_game_2\04_textures\maths_funcs.cpp(582): warning C4244: '=': conversion from 'double' to 'float', possible loss of data
f:\git_prova_grau_b\opengl_game_2\04_textures\maths_funcs.cpp(583): warning C4244: '=': conversion from 'double' to 'float', possible loss of data
f:\git_prova_grau_b\opengl_game_2\04_textures\maths_funcs.cpp(588): warning C4244: 'argument': conversion from 'double' to 'float', possible loss of data
f:\git_prova_grau_b\opengl_game_2\04_textures\maths_funcs.cpp(613): warning C4244: 'initializing': conversion from 'double' to 'float', possible loss of data
f:\git_prova_grau_b\opengl_game_2\04_textures\maths_funcs.cpp(640): warning C4244: 'initializing': conversion from 'double' to 'float', possible loss of data
f:\git_prova_grau_b\opengl_game_2\04_textures\maths_funcs.cpp(650): warning C4244: 'initializing': conversion from 'double' to 'float', possible loss of data
f:\git_prova_grau_b\opengl_game_2\04_textures\maths_funcs.cpp(651): warning C4244: 'initializing': conversion from 'double' to 'float', possible loss of data
f:\git_prova_grau_b\opengl_game_2\04_textures\maths_funcs.cpp(652): warning C4244: 'initializing': conversion from 'double' to 'float', possible loss of data
  main.cpp
  imgui_impl_glfw_gl3.cpp
  imgui_draw.cpp
  imgui_demo.cpp
  imgui.cpp
  gl_utils.cpp
f:\git_prova_grau_b\opengl_game_2\04_textures\gl_utils.cpp(28): warning C4996: 'fopen': This function or variable may be unsafe. Consider using fopen_s instead. To disable deprecation, use _CRT_SECURE_NO_WARNINGS. See online help for details.
  c:\program files (x86)\windows kits\10\include\10.0.10240.0\ucrt\stdio.h(205): note: see declaration of 'fopen'
f:\git_prova_grau_b\opengl_game_2\04_textures\gl_utils.cpp(35): warning C4996: 'ctime': This function or variable may be unsafe. Consider using ctime_s instead. To disable deprecation, use _CRT_SECURE_NO_WARNINGS. See online help for details.
  c:\program files (x86)\windows kits\10\include\10.0.10240.0\ucrt\time.h(475): note: see declaration of 'ctime'
f:\git_prova_grau_b\opengl_game_2\04_textures\gl_utils.cpp(43): warning C4996: 'fopen': This function or variable may be unsafe. Consider using fopen_s instead. To disable deprecation, use _CRT_SECURE_NO_WARNINGS. See online help for details.
  c:\program files (x86)\windows kits\10\include\10.0.10240.0\ucrt\stdio.h(205): note: see declaration of 'fopen'
f:\git_prova_grau_b\opengl_game_2\04_textures\gl_utils.cpp(59): warning C4996: 'fopen': This function or variable may be unsafe. Consider using fopen_s instead. To disable deprecation, use _CRT_SECURE_NO_WARNINGS. See online help for details.
  c:\program files (x86)\windows kits\10\include\10.0.10240.0\ucrt\stdio.h(205): note: see declaration of 'fopen'
f:\git_prova_grau_b\opengl_game_2\04_textures\gl_utils.cpp(152): warning C4996: 'sprintf': This function or variable may be unsafe. Consider using sprintf_s instead. To disable deprecation, use _CRT_SECURE_NO_WARNINGS. See online help for details.
  c:\program files (x86)\windows kits\10\include\10.0.10240.0\ucrt\stdio.h(1769): note: see declaration of 'sprintf'
f:\git_prova_grau_b\opengl_game_2\04_textures\gl_utils.cpp(162): warning C4996: 'fopen': This function or variable may be unsafe. Consider using fopen_s instead. To disable deprecation, use _CRT_SECURE_NO_WARNINGS. See online help for details.
  c:\program files (x86)\windows kits\10\include\10.0.10240.0\ucrt\stdio.h(205): note: see declaration of 'fopen'
f:\git_prova_grau_b\opengl_game_2\04_textures\gl_utils.cpp(169): warning C4996: 'strcpy': This function or variable may be unsafe. Consider using strcpy_s instead. To disable deprecation, use _CRT_SECURE_NO_WARNINGS. See online help for details.
  c:\program files (x86)\windows kits\10\include\10.0.10240.0\ucrt\string.h(119): note: see declaration of 'strcpy'
f:\git_prova_grau_b\opengl_game_2\04_textures\gl_utils.cpp(177): warning C4996: 'strcat': This function or variable may be unsafe. Consider using strcat_s instead. To disable deprecation, use _CRT_SECURE_NO_WARNINGS. See online help for details.
  c:\program files (x86)\windows kits\10\include\10.0.10240.0\ucrt\string.h(90): note: see declaration of 'strcat'
  Generating Code...
  stb_image.c
f:\git_prova_grau_b\opengl_game_2\04_textures\stb_image.c(108): warning C4028: formal parameter 2 different from declaration
f:\git_prova_grau_b\opengl_game_2\04_textures\stb_image.c(213): warning C4996: 'fopen': This function or variable may be unsafe. Consider using fopen_s instead. To disable deprecation, use _CRT_SECURE_NO_WARNINGS. See online help for details.
  c:\program files (x86)\windows kits\10\include\10.0.10240.0\ucrt\stdio.h(205): note: see declaration of 'fopen'
f:\git_prova_grau_b\opengl_game_2\04_textures\stb_image.c(274): warning C4996: 'fopen': This function or variable may be unsafe. Consider using fopen_s instead. To disable deprecation, use _CRT_SECURE_NO_WARNINGS. See online help for details.
  c:\program files (x86)\windows kits\10\include\10.0.10240.0\ucrt\stdio.h(205): note: see declaration of 'fopen'
f:\git_prova_grau_b\opengl_game_2\04_textures\stb_image.c(310): warning C4996: 'fopen': This function or variable may be unsafe. Consider using fopen_s instead. To disable deprecation, use _CRT_SECURE_NO_WARNINGS. See online help for details.
  c:\program files (x86)\windows kits\10\include\10.0.10240.0\ucrt\stdio.h(205): note: see declaration of 'fopen'
f:\git_prova_grau_b\opengl_game_2\04_textures\stb_image.c(4490): warning C4996: 'fopen': This function or variable may be unsafe. Consider using fopen_s instead. To disable deprecation, use _CRT_SECURE_NO_WARNINGS. See online help for details.
  c:\program files (x86)\windows kits\10\include\10.0.10240.0\ucrt\stdio.h(205): note: see declaration of 'fopen'
  LINK : F:\git_prova_grau_b\opengl_game_2\04_textures\Debug\04_textures.exe not found or not built by the last incremental link; performing full link
  04_textures.vcxproj -> F:\git_prova_grau_b\opengl_game_2\04_textures\Debug\04_textures.exe
